Number of vertices = 4402
Number of hexa cells = 2100
Number of boundary quadrilaterals = 4400
Number of faces = 8500
Sum of volumes = 6.64316
nColors = 2
BC types are:
SYMMETRYZ
INLET
WALL
SYMMETRYY
Number of threads is: 104
implicit
implicit
implicit
implicit
implicit
implicit
implicit
implicit
implicit
implicit
implicit
implicit
implicit
implicit
implicit
implicit
implicit
implicit
implicit
implicit
implicit
implicit
implicit
implicit
implicit
implicit
implicit
implicit
implicit
implicit
implicit
implicit
implicit
implicit
implicit
implicit
implicit
implicit
implicit
implicit
implicit
implicit
implicit
implicit
implicit
implicit
implicit
implicit
implicit
implicit
implicit
implicit
implicit
implicit
implicit
implicit
implicit
implicit
implicit
implicit
implicit
implicit
implicit
implicit
implicit
implicit
implicit
implicit
implicit
implicit
implicit
implicit
implicit
implicit
implicit
implicit
implicit
implicit
implicit
implicit
implicit
implicit
implicit
implicit
implicit
implicit
implicit
implicit
implicit
implicit
implicit
implicit
implicit
implicit
implicit
implicit
implicit
implicit
implicit
implicit
implicit
implicit
implicit
implicit
implicit
implicit
implicit
implicit
implicit
implicit
implicit
implicit
implicit
implicit
implicit
implicit
implicit
implicit
implicit
implicit
implicit
implicit
implicit
implicit
implicit
implicit
implicit
implicit
implicit
implicit
implicit
implicit
implicit
implicit
implicit
implicit
implicit
implicit
implicit
implicit
implicit
implicit
implicit
implicit
implicit
implicit
implicit
implicit
implicit
implicit
implicit
implicit
implicit
implicit
implicit
implicit
implicit
implicit
implicit
implicit
implicit
implicit
implicit
implicit
implicit
implicit
implicit
implicit
implicit
implicit
implicit
implicit
implicit
implicit
implicit
implicit
implicit
implicit
implicit
implicit
implicit
implicit
implicit
implicit
implicit
implicit
implicit
implicit
implicit
implicit
implicit
implicit
implicit
implicit
implicit
implicit
implicit
implicit
implicit
implicit
implicit
implicit
implicit
implicit
implicit
implicit
implicit
implicit
implicit
implicit
implicit
implicit
implicit
implicit
implicit
implicit
implicit
implicit
implicit
implicit
implicit
implicit
implicit
implicit
implicit
implicit
implicit
implicit
implicit
implicit
implicit
implicit
implicit
implicit
implicit
implicit
implicit
implicit
implicit
implicit
implicit
implicit
implicit
implicit
implicit
implicit
implicit
implicit
implicit
implicit
implicit
implicit
implicit
implicit
implicit
implicit
implicit
implicit
implicit
implicit
implicit
implicit
implicit
implicit
implicit
implicit
implicit
implicit
implicit
implicit
implicit
implicit
implicit
implicit
implicit
implicit
implicit
implicit
implicit
implicit
implicit
implicit
implicit
implicit
implicit
implicit
implicit
implicit
implicit
implicit
implicit
implicit
implicit
implicit
implicit
implicit
implicit
implicit
implicit
implicit
implicit
implicit
implicit
implicit
implicit
implicit
implicit
implicit
implicit
implicit
implicit
implicit
implicit
implicit
implicit
implicit
implicit
implicit
implicit
implicit
implicit
implicit
implicit
implicit
implicit
implicit
implicit
implicit
implicit
implicit
implicit
implicit
implicit
implicit
implicit
implicit
implicit
implicit
implicit
implicit
implicit
implicit
implicit
implicit
implicit
implicit
implicit
implicit
implicit
implicit
implicit
implicit
implicit
implicit
implicit
implicit
implicit
implicit
implicit
implicit
implicit
implicit
implicit
implicit
implicit
implicit
implicit
implicit
implicit
implicit
implicit
implicit
implicit
implicit
implicit
implicit
implicit
implicit
implicit
implicit
implicit
implicit
implicit
implicit
implicit
implicit
implicit
implicit
implicit
implicit
implicit
implicit
implicit
implicit
implicit
implicit
implicit
implicit
implicit
implicit
implicit
implicit
implicit
implicit
implicit
implicit
implicit
implicit
implicit
implicit
implicit
implicit
implicit
implicit
implicit
implicit
implicit
implicit
implicit
implicit
implicit
implicit
implicit
implicit
implicit
implicit
implicit
implicit
implicit
implicit
implicit
implicit
implicit
implicit
implicit
implicit
implicit
implicit
implicit
implicit
implicit
implicit
implicit
implicit
implicit
implicit
implicit
implicit
implicit
implicit
implicit
implicit
implicit
implicit
implicit
implicit
implicit
implicit
implicit
implicit
implicit
implicit
implicit
implicit
implicit
implicit
implicit
implicit
implicit
implicit
implicit
implicit
implicit
implicit
implicit
implicit
implicit
implicit
implicit
implicit
implicit
implicit
implicit
implicit
implicit
implicit
implicit
implicit
implicit
implicit
implicit
implicit
implicit
implicit
implicit
implicit
implicit
implicit
implicit
implicit
implicit
implicit
implicit
implicit
implicit
implicit
implicit
implicit
implicit
implicit
implicit
implicit
implicit
implicit
implicit
implicit
implicit
implicit
implicit
implicit
implicit
implicit
implicit
implicit
implicit
implicit
implicit
implicit
implicit
implicit
implicit
implicit
implicit
implicit
implicit
implicit
implicit
implicit
implicit
implicit
implicit
implicit
implicit
implicit
implicit
implicit
implicit
implicit
implicit
implicit
implicit
implicit
implicit
implicit
implicit
implicit
implicit
implicit
implicit
implicit
implicit
implicit
implicit
implicit
implicit
implicit
implicit
implicit
implicit
implicit
implicit
implicit
implicit
implicit
implicit
implicit
implicit
implicit
implicit
implicit
implicit
implicit
implicit
implicit
implicit
implicit
implicit
implicit
implicit
implicit
implicit
implicit
implicit
implicit
implicit
implicit
implicit
implicit
implicit
implicit
Time: 6733.24 seconds.
n = 1.88922e+19
ux = 2326.02
uy = 5.17672
uz = -0.00174576
T = 1839.95
