Number of vertices = 32691
Number of hexa cells = 30000
Number of boundary quadrilaterals = 5200
Number of faces = 92600
Sum of volumes = 29.57
nColors = 6
BC types are:
INLET
WALL
SYMMETRYY
SYMMETRYZ
Number of threads is: 104
implicit
implicit
implicit
implicit
implicit
implicit
implicit
implicit
implicit
implicit
implicit
implicit
implicit
implicit
implicit
implicit
implicit
implicit
implicit
implicit
implicit
implicit
implicit
implicit
implicit
implicit
implicit
implicit
implicit
implicit
implicit
implicit
implicit
implicit
implicit
implicit
implicit
implicit
implicit
implicit
implicit
implicit
implicit
implicit
implicit
implicit
implicit
implicit
implicit
implicit
implicit
implicit
implicit
implicit
implicit
implicit
implicit
implicit
implicit
implicit
implicit
implicit
implicit
implicit
implicit
implicit
implicit
implicit
implicit
implicit
implicit
implicit
implicit
implicit
implicit
implicit
implicit
implicit
implicit
implicit
implicit
implicit
implicit
implicit
implicit
implicit
implicit
implicit
implicit
implicit
implicit
implicit
implicit
implicit
implicit
implicit
implicit
implicit
implicit
implicit
implicit
implicit
implicit
implicit
implicit
implicit
implicit
implicit
implicit
implicit
implicit
implicit
implicit
implicit
implicit
implicit
implicit
implicit
implicit
implicit
implicit
implicit
implicit
implicit
implicit
implicit
implicit
implicit
implicit
implicit
implicit
implicit
implicit
implicit
implicit
implicit
implicit
implicit
implicit
implicit
implicit
implicit
implicit
implicit
implicit
implicit
implicit
implicit
implicit
implicit
implicit
implicit
implicit
implicit
implicit
implicit
implicit
implicit
implicit
implicit
implicit
implicit
implicit
implicit
implicit
implicit
implicit
implicit
implicit
implicit
implicit
implicit
implicit
implicit
implicit
implicit
implicit
implicit
implicit
implicit
implicit
implicit
implicit
implicit
implicit
implicit
implicit
implicit
implicit
implicit
implicit
implicit
implicit
implicit
implicit
implicit
implicit
implicit
implicit
implicit
implicit
implicit
implicit
implicit
implicit
implicit
implicit
implicit
implicit
implicit
implicit
implicit
implicit
implicit
implicit
implicit
implicit
implicit
implicit
implicit
implicit
implicit
implicit
implicit
implicit
implicit
implicit
implicit
implicit
implicit
implicit
implicit
implicit
implicit
implicit
implicit
implicit
implicit
implicit
implicit
implicit
implicit
implicit
implicit
implicit
implicit
implicit
implicit
implicit
implicit
implicit
implicit
implicit
implicit
implicit
implicit
implicit
implicit
implicit
implicit
implicit
implicit
implicit
implicit
implicit
implicit
implicit
implicit
implicit
implicit
implicit
implicit
implicit
implicit
implicit
implicit
implicit
implicit
implicit
implicit
implicit
implicit
implicit
implicit
implicit
implicit
implicit
implicit
implicit
implicit
implicit
implicit
implicit
implicit
implicit
implicit
implicit
implicit
implicit
implicit
implicit
implicit
implicit
implicit
implicit
implicit
implicit
implicit
implicit
implicit
implicit
implicit
implicit
implicit
implicit
implicit
implicit
implicit
implicit
implicit
implicit
implicit
implicit
implicit
implicit
implicit
implicit
implicit
implicit
implicit
implicit
implicit
implicit
implicit
implicit
implicit
implicit
implicit
implicit
implicit
implicit
implicit
implicit
implicit
implicit
implicit
implicit
implicit
implicit
implicit
implicit
implicit
implicit
implicit
implicit
implicit
implicit
implicit
implicit
implicit
implicit
implicit
implicit
implicit
implicit
implicit
implicit
implicit
implicit
implicit
implicit
implicit
implicit
implicit
implicit
implicit
implicit
implicit
implicit
implicit
implicit
implicit
implicit
implicit
implicit
implicit
implicit
implicit
implicit
implicit
implicit
implicit
implicit
implicit
implicit
implicit
implicit
implicit
implicit
implicit
implicit
implicit
implicit
implicit
implicit
implicit
implicit
implicit
implicit
implicit
implicit
implicit
implicit
implicit
implicit
implicit
implicit
implicit
implicit
implicit
implicit
implicit
implicit
implicit
implicit
implicit
implicit
implicit
implicit
implicit
implicit
implicit
implicit
implicit
implicit
implicit
implicit
implicit
implicit
implicit
implicit
implicit
implicit
implicit
implicit
implicit
implicit
implicit
implicit
implicit
implicit
implicit
implicit
implicit
implicit
implicit
implicit
implicit
implicit
implicit
implicit
implicit
implicit
implicit
implicit
implicit
implicit
implicit
implicit
implicit
implicit
implicit
implicit
implicit
implicit
implicit
implicit
implicit
implicit
implicit
implicit
implicit
implicit
implicit
implicit
implicit
implicit
implicit
implicit
implicit
implicit
implicit
implicit
implicit
implicit
implicit
implicit
implicit
implicit
implicit
implicit
implicit
implicit
implicit
implicit
implicit
implicit
implicit
implicit
implicit
implicit
implicit
implicit
implicit
implicit
implicit
implicit
implicit
implicit
implicit
implicit
implicit
implicit
implicit
implicit
implicit
implicit
implicit
implicit
implicit
implicit
implicit
implicit
implicit
implicit
implicit
implicit
implicit
implicit
implicit
implicit
implicit
implicit
implicit
implicit
implicit
implicit
implicit
implicit
implicit
implicit
implicit
implicit
implicit
implicit
implicit
implicit
implicit
implicit
implicit
implicit
implicit
implicit
implicit
implicit
implicit
implicit
implicit
implicit
implicit
implicit
implicit
implicit
implicit
implicit
implicit
implicit
implicit
implicit
implicit
implicit
implicit
implicit
implicit
implicit
implicit
implicit
implicit
implicit
implicit
implicit
implicit
implicit
implicit
implicit
implicit
implicit
implicit
implicit
implicit
Time: 135461 seconds.
n = 2.26925e+19
ux = 2285.21
uy = 181.993
uz = -8.90396
T = 1508.98
